<testsuites id="" name="" tests="7" failures="7" skipped="0" errors="0" time="127.417562">
<testsuite name="meeting-creation.spec.ts" timestamp="2025-10-06T20:16:46.583Z" hostname="chromium" tests="7" failures="7" skipped="0" time="219.017" errors="0">
<testcase name="Meeting Creation › should create a meeting successfully and show success page" classname="meeting-creation.spec.ts" time="31.276">
<failure message="meeting-creation.spec.ts:4:3 should create a meeting successfully and show success page" type="FAILURE">
<![CDATA[  [chromium] › meeting-creation.spec.ts:4:3 › Meeting Creation › should create a meeting successfully and show success page 

    Test timeout of 30000ms exceeded.

    Error: page.fill: Test timeout of 30000ms exceeded.
    Call log:
      - waiting for locator('input[placeholder="Enter meeting name"]')


       6 |     
       7 |     // Fill in the form
    >  8 |     await page.fill('input[placeholder="Enter meeting name"]', 'Test Meeting');
         |                ^
       9 |     await page.fill('input[placeholder="Enter your name"]', 'Test Facilitator');
      10 |     
      11 |     // Submit the form
        at /workspace/tests/e2e/meeting-creation.spec.ts:8:16

    attachment #1: screenshot (image/png) ──────────────────────────────────────────────────────────
    ../../test-results/meeting-creation-Meeting-C-59ecb-fully-and-show-success-page-chromium/test-failed-1.png
    ────────────────────────────────────────────────────────────────────────────────────────────────

    attachment #2: video (video/webm) ──────────────────────────────────────────────────────────────
    ../../test-results/meeting-creation-Meeting-C-59ecb-fully-and-show-success-page-chromium/video.webm
    ────────────────────────────────────────────────────────────────────────────────────────────────

    Error Context: ../../test-results/meeting-creation-Meeting-C-59ecb-fully-and-show-success-page-chromium/error-context.md
]]>
</failure>
<system-out>
<![CDATA[
[[ATTACHMENT|meeting-creation-Meeting-C-59ecb-fully-and-show-success-page-chromium/test-failed-1.png]]

[[ATTACHMENT|meeting-creation-Meeting-C-59ecb-fully-and-show-success-page-chromium/video.webm]]

[[ATTACHMENT|meeting-creation-Meeting-C-59ecb-fully-and-show-success-page-chromium/error-context.md]]
]]>
</system-out>
</testcase>
<testcase name="Meeting Creation › should show validation errors for empty fields" classname="meeting-creation.spec.ts" time="31.422">
<failure message="meeting-creation.spec.ts:37:3 should show validation errors for empty fields" type="FAILURE">
<![CDATA[  [chromium] › meeting-creation.spec.ts:37:3 › Meeting Creation › should show validation errors for empty fields 

    Test timeout of 30000ms exceeded.

    Error: locator.click: Test timeout of 30000ms exceeded.
    Call log:
      - waiting for locator('button[type="submit"], button:has-text("Host Meeting")').first()


      40 |     // Try to submit without filling fields
      41 |     const submitButton = page.locator('button[type="submit"], button:has-text("Host Meeting")').first();
    > 42 |     await submitButton.click();
         |                        ^
      43 |     
      44 |     // Should show validation errors (browser native validation)
      45 |     const facilitatorInput = page.locator('input[placeholder="Enter your name"]');
        at /workspace/tests/e2e/meeting-creation.spec.ts:42:24

    attachment #1: screenshot (image/png) ──────────────────────────────────────────────────────────
    ../../test-results/meeting-creation-Meeting-C-cf020-ion-errors-for-empty-fields-chromium/test-failed-1.png
    ────────────────────────────────────────────────────────────────────────────────────────────────

    attachment #2: video (video/webm) ──────────────────────────────────────────────────────────────
    ../../test-results/meeting-creation-Meeting-C-cf020-ion-errors-for-empty-fields-chromium/video.webm
    ────────────────────────────────────────────────────────────────────────────────────────────────

    Error Context: ../../test-results/meeting-creation-Meeting-C-cf020-ion-errors-for-empty-fields-chromium/error-context.md
]]>
</failure>
<system-out>
<![CDATA[
[[ATTACHMENT|meeting-creation-Meeting-C-cf020-ion-errors-for-empty-fields-chromium/test-failed-1.png]]

[[ATTACHMENT|meeting-creation-Meeting-C-cf020-ion-errors-for-empty-fields-chromium/video.webm]]

[[ATTACHMENT|meeting-creation-Meeting-C-cf020-ion-errors-for-empty-fields-chromium/error-context.md]]
]]>
</system-out>
</testcase>
<testcase name="Meeting Creation › should show validation errors for invalid input" classname="meeting-creation.spec.ts" time="31.293">
<failure message="meeting-creation.spec.ts:52:3 should show validation errors for invalid input" type="FAILURE">
<![CDATA[  [chromium] › meeting-creation.spec.ts:52:3 › Meeting Creation › should show validation errors for invalid input 

    Test timeout of 30000ms exceeded.

    Error: page.fill: Test timeout of 30000ms exceeded.
    Call log:
      - waiting for locator('input[placeholder="Enter your name"]')


      54 |     
      55 |     // Fill with invalid data
    > 56 |     await page.fill('input[placeholder="Enter your name"]', '');
         |                ^
      57 |     await page.fill('input[placeholder="Enter meeting name"]', 'A'.repeat(101));
      58 |     
      59 |     const submitButton = page.locator('button[type="submit"], button:has-text("Host Meeting")').first();
        at /workspace/tests/e2e/meeting-creation.spec.ts:56:16

    attachment #1: screenshot (image/png) ──────────────────────────────────────────────────────────
    ../../test-results/meeting-creation-Meeting-C-48061-on-errors-for-invalid-input-chromium/test-failed-1.png
    ────────────────────────────────────────────────────────────────────────────────────────────────

    attachment #2: video (video/webm) ──────────────────────────────────────────────────────────────
    ../../test-results/meeting-creation-Meeting-C-48061-on-errors-for-invalid-input-chromium/video.webm
    ────────────────────────────────────────────────────────────────────────────────────────────────

    Error Context: ../../test-results/meeting-creation-Meeting-C-48061-on-errors-for-invalid-input-chromium/error-context.md
]]>
</failure>
<system-out>
<![CDATA[
[[ATTACHMENT|meeting-creation-Meeting-C-48061-on-errors-for-invalid-input-chromium/test-failed-1.png]]

[[ATTACHMENT|meeting-creation-Meeting-C-48061-on-errors-for-invalid-input-chromium/video.webm]]

[[ATTACHMENT|meeting-creation-Meeting-C-48061-on-errors-for-invalid-input-chromium/error-context.md]]
]]>
</system-out>
</testcase>
<testcase name="Meeting Creation › should handle server errors gracefully" classname="meeting-creation.spec.ts" time="31.278">
<failure message="meeting-creation.spec.ts:70:3 should handle server errors gracefully" type="FAILURE">
<![CDATA[  [chromium] › meeting-creation.spec.ts:70:3 › Meeting Creation › should handle server errors gracefully 

    Test timeout of 30000ms exceeded.

    Error: page.fill: Test timeout of 30000ms exceeded.
    Call log:
      - waiting for locator('input[placeholder="Enter meeting name"]')


      84 |     
      85 |     // Fill in the form
    > 86 |     await page.fill('input[placeholder="Enter meeting name"]', 'Test Meeting');
         |                ^
      87 |     await page.fill('input[placeholder="Enter your name"]', 'Test Facilitator');
      88 |     
      89 |     // Submit the form
        at /workspace/tests/e2e/meeting-creation.spec.ts:86:16

    attachment #1: screenshot (image/png) ──────────────────────────────────────────────────────────
    ../../test-results/meeting-creation-Meeting-C-84f39-le-server-errors-gracefully-chromium/test-failed-1.png
    ────────────────────────────────────────────────────────────────────────────────────────────────

    attachment #2: video (video/webm) ──────────────────────────────────────────────────────────────
    ../../test-results/meeting-creation-Meeting-C-84f39-le-server-errors-gracefully-chromium/video.webm
    ────────────────────────────────────────────────────────────────────────────────────────────────

    Error Context: ../../test-results/meeting-creation-Meeting-C-84f39-le-server-errors-gracefully-chromium/error-context.md
]]>
</failure>
<system-out>
<![CDATA[
[[ATTACHMENT|meeting-creation-Meeting-C-84f39-le-server-errors-gracefully-chromium/test-failed-1.png]]

[[ATTACHMENT|meeting-creation-Meeting-C-84f39-le-server-errors-gracefully-chromium/video.webm]]

[[ATTACHMENT|meeting-creation-Meeting-C-84f39-le-server-errors-gracefully-chromium/error-context.md]]
]]>
</system-out>
</testcase>
<testcase name="Meeting Creation › should copy meeting code to clipboard" classname="meeting-creation.spec.ts" time="31.265">
<failure message="meeting-creation.spec.ts:97:3 should copy meeting code to clipboard" type="FAILURE">
<![CDATA[  [chromium] › meeting-creation.spec.ts:97:3 › Meeting Creation › should copy meeting code to clipboard 

    Test timeout of 30000ms exceeded.

    Error: page.fill: Test timeout of 30000ms exceeded.
    Call log:
      - waiting for locator('input[placeholder="Enter meeting name"]')


       99 |     
      100 |     // Fill in the form
    > 101 |     await page.fill('input[placeholder="Enter meeting name"]', 'Test Meeting');
          |                ^
      102 |     await page.fill('input[placeholder="Enter your name"]', 'Test Facilitator');
      103 |     
      104 |     // Submit the form
        at /workspace/tests/e2e/meeting-creation.spec.ts:101:16

    attachment #1: screenshot (image/png) ──────────────────────────────────────────────────────────
    ../../test-results/meeting-creation-Meeting-C-39bbe-y-meeting-code-to-clipboard-chromium/test-failed-1.png
    ────────────────────────────────────────────────────────────────────────────────────────────────

    attachment #2: video (video/webm) ──────────────────────────────────────────────────────────────
    ../../test-results/meeting-creation-Meeting-C-39bbe-y-meeting-code-to-clipboard-chromium/video.webm
    ────────────────────────────────────────────────────────────────────────────────────────────────

    Error Context: ../../test-results/meeting-creation-Meeting-C-39bbe-y-meeting-code-to-clipboard-chromium/error-context.md
]]>
</failure>
<system-out>
<![CDATA[
[[ATTACHMENT|meeting-creation-Meeting-C-39bbe-y-meeting-code-to-clipboard-chromium/test-failed-1.png]]

[[ATTACHMENT|meeting-creation-Meeting-C-39bbe-y-meeting-code-to-clipboard-chromium/video.webm]]

[[ATTACHMENT|meeting-creation-Meeting-C-39bbe-y-meeting-code-to-clipboard-chromium/error-context.md]]
]]>
</system-out>
</testcase>
<testcase name="Meeting Creation › should copy shareable link to clipboard" classname="meeting-creation.spec.ts" time="31.272">
<failure message="meeting-creation.spec.ts:119:3 should copy shareable link to clipboard" type="FAILURE">
<![CDATA[  [chromium] › meeting-creation.spec.ts:119:3 › Meeting Creation › should copy shareable link to clipboard 

    Test timeout of 30000ms exceeded.

    Error: page.fill: Test timeout of 30000ms exceeded.
    Call log:
      - waiting for locator('input[placeholder="Enter meeting name"]')


      121 |     
      122 |     // Fill in the form
    > 123 |     await page.fill('input[placeholder="Enter meeting name"]', 'Test Meeting');
          |                ^
      124 |     await page.fill('input[placeholder="Enter your name"]', 'Test Facilitator');
      125 |     
      126 |     // Submit the form
        at /workspace/tests/e2e/meeting-creation.spec.ts:123:16

    attachment #1: screenshot (image/png) ──────────────────────────────────────────────────────────
    ../../test-results/meeting-creation-Meeting-C-d6c7a-shareable-link-to-clipboard-chromium/test-failed-1.png
    ────────────────────────────────────────────────────────────────────────────────────────────────

    attachment #2: video (video/webm) ──────────────────────────────────────────────────────────────
    ../../test-results/meeting-creation-Meeting-C-d6c7a-shareable-link-to-clipboard-chromium/video.webm
    ────────────────────────────────────────────────────────────────────────────────────────────────

    Error Context: ../../test-results/meeting-creation-Meeting-C-d6c7a-shareable-link-to-clipboard-chromium/error-context.md
]]>
</failure>
<system-out>
<![CDATA[
[[ATTACHMENT|meeting-creation-Meeting-C-d6c7a-shareable-link-to-clipboard-chromium/test-failed-1.png]]

[[ATTACHMENT|meeting-creation-Meeting-C-d6c7a-shareable-link-to-clipboard-chromium/video.webm]]

[[ATTACHMENT|meeting-creation-Meeting-C-d6c7a-shareable-link-to-clipboard-chromium/error-context.md]]
]]>
</system-out>
</testcase>
<testcase name="Meeting Creation › should navigate to facilitator view when start meeting is clicked" classname="meeting-creation.spec.ts" time="31.211">
<failure message="meeting-creation.spec.ts:141:3 should navigate to facilitator view when start meeting is clicked" type="FAILURE">
<![CDATA[  [chromium] › meeting-creation.spec.ts:141:3 › Meeting Creation › should navigate to facilitator view when start meeting is clicked 

    Test timeout of 30000ms exceeded.

    Error: page.fill: Test timeout of 30000ms exceeded.
    Call log:
      - waiting for locator('input[placeholder="Enter meeting name"]')


      143 |     
      144 |     // Fill in the form
    > 145 |     await page.fill('input[placeholder="Enter meeting name"]', 'Test Meeting');
          |                ^
      146 |     await page.fill('input[placeholder="Enter your name"]', 'Test Facilitator');
      147 |     
      148 |     // Submit the form
        at /workspace/tests/e2e/meeting-creation.spec.ts:145:16

    attachment #1: screenshot (image/png) ──────────────────────────────────────────────────────────
    ../../test-results/meeting-creation-Meeting-C-4efa5-en-start-meeting-is-clicked-chromium/test-failed-1.png
    ────────────────────────────────────────────────────────────────────────────────────────────────

    attachment #2: video (video/webm) ──────────────────────────────────────────────────────────────
    ../../test-results/meeting-creation-Meeting-C-4efa5-en-start-meeting-is-clicked-chromium/video.webm
    ────────────────────────────────────────────────────────────────────────────────────────────────

    Error Context: ../../test-results/meeting-creation-Meeting-C-4efa5-en-start-meeting-is-clicked-chromium/error-context.md
]]>
</failure>
<system-out>
<![CDATA[
[[ATTACHMENT|meeting-creation-Meeting-C-4efa5-en-start-meeting-is-clicked-chromium/test-failed-1.png]]

[[ATTACHMENT|meeting-creation-Meeting-C-4efa5-en-start-meeting-is-clicked-chromium/video.webm]]

[[ATTACHMENT|meeting-creation-Meeting-C-4efa5-en-start-meeting-is-clicked-chromium/error-context.md]]
]]>
</system-out>
</testcase>
</testsuite>
</testsuites>