<testsuites id="" name="" tests="4" failures="0" skipped="0" errors="0" time="2.3558820000000003">
<testsuite name="homepage.spec.ts" timestamp="2025-10-06T20:25:09.397Z" hostname="chromium" tests="4" failures="0" skipped="0" time="3.021" errors="0">
<testcase name="Homepage › should load the homepage successfully" classname="homepage.spec.ts" time="0.902">
</testcase>
<testcase name="Homepage › should navigate to host meeting page" classname="homepage.spec.ts" time="0.76">
</testcase>
<testcase name="Homepage › should navigate to join meeting page" classname="homepage.spec.ts" time="0.755">
</testcase>
<testcase name="Homepage › should be responsive on mobile" classname="homepage.spec.ts" time="0.604">
</testcase>
</testsuite>
</testsuites>